0 info it worked if it ends with ok
1 verbose cli [ 'C:\\Program Files\\nodejs\\node.exe',
1 verbose cli   'C:\\Users\\Tea\\AppData\\Roaming\\npm\\node_modules\\npm\\bin\\npm-cli.js',
1 verbose cli   'run',
1 verbose cli   'webpack' ]
2 info using npm@4.0.2
3 info using node@v8.2.1
4 verbose run-script [ 'prewebpack', 'webpack', 'postwebpack' ]
5 info lifecycle stock-chart@1.0.0~prewebpack: stock-chart@1.0.0
6 silly lifecycle stock-chart@1.0.0~prewebpack: no script for prewebpack, continuing
7 info lifecycle stock-chart@1.0.0~webpack: stock-chart@1.0.0
8 verbose lifecycle stock-chart@1.0.0~webpack: unsafe-perm in lifecycle true
9 verbose lifecycle stock-chart@1.0.0~webpack: PATH: C:\Users\Tea\AppData\Roaming\npm\node_modules\npm\bin\node-gyp-bin;C:\projects\Tihomir\stock-chart\node_modules\.bin;C:\Program Files\Microsoft MPI\Bin\;C:\Program Files\MongoDB\Server\3.2\bin;C:\Program Files (x86)\Skype\Phone\;C:\Program Files (x86)\Brackets\command;C:\Program Files\ActivIdentity\ActivClient\;C:\Program Files (x86)\ActivIdentity\ActivClient\;C:\Program Files\MySQL\MySQL Utilities 1.6\;C:\Program Files\Microsoft SQL Server\130\Tools\Binn\;C:\Program Files\Anaconda3;C:\Program Files\Anaconda3\Scripts;C:\Program Files\Anaconda3\Library\bin;C:\Windows\System32\;C:\Program Files\nodejs\;C:\Program Files (x86)\Yarn\bin;C:\Program Files\Git\cmd;C:\Program Files\MongoDB\Server\3.2\bin;;C:\Program Files\nodejs\;C:\Program Files (x86)\Microsoft VS Code\bin;C:\Program Files\Genymobile\Genymotion\tools;C:\Users\Tea\AppData\Roaming\npm;C:\Users\Tea\AppData\Local\Yarn\bin;C:\Program Files\Heroku\bin
10 verbose lifecycle stock-chart@1.0.0~webpack: CWD: C:\projects\Tihomir\stock-chart
11 silly lifecycle stock-chart@1.0.0~webpack: Args: [ '/d /s /c', 'webpack --w' ]
12 silly lifecycle stock-chart@1.0.0~webpack: Returned: code: 3221225786  signal: null
13 info lifecycle stock-chart@1.0.0~webpack: Failed to exec webpack script
14 verbose stack Error: stock-chart@1.0.0 webpack: `webpack --w`
14 verbose stack Exit status 3221225786
14 verbose stack     at EventEmitter.<anonymous> (C:\Users\Tea\AppData\Roaming\npm\node_modules\npm\lib\utils\lifecycle.js:279:16)
14 verbose stack     at emitTwo (events.js:125:13)
14 verbose stack     at EventEmitter.emit (events.js:213:7)
14 verbose stack     at ChildProcess.<anonymous> (C:\Users\Tea\AppData\Roaming\npm\node_modules\npm\lib\utils\spawn.js:40:14)
14 verbose stack     at emitTwo (events.js:125:13)
14 verbose stack     at ChildProcess.emit (events.js:213:7)
14 verbose stack     at maybeClose (internal/child_process.js:921:16)
14 verbose stack     at Process.ChildProcess._handle.onexit (internal/child_process.js:211:5)
15 verbose pkgid stock-chart@1.0.0
16 verbose cwd C:\projects\Tihomir\stock-chart
17 error Windows_NT 6.1.7601
18 error argv "C:\\Program Files\\nodejs\\node.exe" "C:\\Users\\Tea\\AppData\\Roaming\\npm\\node_modules\\npm\\bin\\npm-cli.js" "run" "webpack"
19 error node v8.2.1
20 error npm  v4.0.2
21 error code ELIFECYCLE
22 error stock-chart@1.0.0 webpack: `webpack --w`
22 error Exit status 3221225786
23 error Failed at the stock-chart@1.0.0 webpack script 'webpack --w'.
23 error Make sure you have the latest version of node.js and npm installed.
23 error If you do, this is most likely a problem with the stock-chart package,
23 error not with npm itself.
23 error Tell the author that this fails on your system:
23 error     webpack --w
23 error You can get information on how to open an issue for this project with:
23 error     npm bugs stock-chart
23 error Or if that isn't available, you can get their info via:
23 error     npm owner ls stock-chart
23 error There is likely additional logging output above.
24 verbose exit [ 1, true ]
